---------------------------------------
Begin Slurm Prolog: Nov-25-2025 02:43:36
Job ID:    3648959
User ID:   khom9
Account:   cse
Job name:  Run_Main_Defense
Partition: coe-gpu
QOS:       coe-ice
---------------------------------------
Tue Nov 25 02:43:36 2025       
+-----------------------------------------------------------------------------------------+
| NVIDIA-SMI 575.57.08              Driver Version: 575.57.08      CUDA Version: 12.9     |
|-----------------------------------------+------------------------+----------------------+
| GPU  Name                 Persistence-M | Bus-Id          Disp.A | Volatile Uncorr. ECC |
| Fan  Temp   Perf          Pwr:Usage/Cap |           Memory-Usage | GPU-Util  Compute M. |
|                                         |                        |               MIG M. |
|=========================================+========================+======================|
|   0  NVIDIA H100 80GB HBM3          On  |   00000000:49:00.0 Off |                    0 |
| N/A   38C    P0            107W /  700W |       0MiB /  81559MiB |      0%      Default |
|                                         |                        |             Disabled |
+-----------------------------------------+------------------------+----------------------+
                                                                                         
+-----------------------------------------------------------------------------------------+
| Processes:                                                                              |
|  GPU   GI   CI              PID   Type   Process name                        GPU Memory |
|        ID   ID                                                               Usage      |
|=========================================================================================|
|  No running processes found                                                             |
+-----------------------------------------------------------------------------------------+
----------------ITERATION 1/5 (dataset=PROTEINS, defense=True, sigma=0.5)----------------
Run #1
Applying logits noise defense
Target model (train): acc: 0.9496, F1: 0.9402, AUROC: 0.9866
Target model (test): acc: 0.7050, F1: 0.6019, AUROC: 0.7295
Shadow model (train): acc: 0.9544, F1: 0.9468, AUROC: 0.9898
Shadow model (test): acc: 0.6929, F1: 0.5474, AUROC: 0.6986
Shadow (train) AUROC: 0.804744775608085
Target (test) AUROC: 0.6702896675465384
Run #2
Applying logits noise defense
Target model (train): acc: 0.9448, F1: 0.9366, AUROC: 0.9849
Target model (test): acc: 0.6475, F1: 0.5812, AUROC: 0.6933
Shadow model (train): acc: 0.8873, F1: 0.8683, AUROC: 0.9532
Shadow model (test): acc: 0.6571, F1: 0.5294, AUROC: 0.6191
Shadow (train) AUROC: 0.7502740664611167
Target (test) AUROC: 0.6247951279264359
Run #3
Applying logits noise defense
Target model (train): acc: 0.9376, F1: 0.9274, AUROC: 0.9836
Target model (test): acc: 0.7626, F1: 0.7130, AUROC: 0.7714
Shadow model (train): acc: 0.8849, F1: 0.8621, AUROC: 0.9458
Shadow model (test): acc: 0.6071, F1: 0.4444, AUROC: 0.5924
Shadow (train) AUROC: 0.8005481329222337
Target (test) AUROC: 0.5619964460086607
Run #4
Applying logits noise defense
Target model (train): acc: 0.9640, F1: 0.9580, AUROC: 0.9870
Target model (test): acc: 0.7266, F1: 0.6481, AUROC: 0.7495
Shadow model (train): acc: 0.9688, F1: 0.9630, AUROC: 0.9878
Shadow model (test): acc: 0.6500, F1: 0.4615, AUROC: 0.6891
Shadow (train) AUROC: 0.8019270298047276
Target (test) AUROC: 0.6466452737090902
Run #5
Applying logits noise defense
Target model (train): acc: 0.9113, F1: 0.8969, AUROC: 0.9597
Target model (test): acc: 0.7626, F1: 0.6857, AUROC: 0.7543
Shadow model (train): acc: 0.9233, F1: 0.9070, AUROC: 0.9828
Shadow model (test): acc: 0.7000, F1: 0.5714, AUROC: 0.7011
Shadow (train) AUROC: 0.807845152449469
Target (test) AUROC: 0.5491865500405432
Run #6
Applying logits noise defense
Target model (train): acc: 0.9353, F1: 0.9231, AUROC: 0.9783
Target model (test): acc: 0.6835, F1: 0.6071, AUROC: 0.7758
Shadow model (train): acc: 0.9424, F1: 0.9322, AUROC: 0.9787
Shadow model (test): acc: 0.6357, F1: 0.5143, AUROC: 0.6773
Shadow (train) AUROC: 0.8103460089071599
Target (test) AUROC: 0.6530890395597191
Run #7
Applying logits noise defense
Target model (train): acc: 0.9353, F1: 0.9222, AUROC: 0.9786
Target model (test): acc: 0.6906, F1: 0.5825, AUROC: 0.7464
Shadow model (train): acc: 0.9089, F1: 0.8902, AUROC: 0.9698
Shadow model (test): acc: 0.7214, F1: 0.6061, AUROC: 0.7482
Shadow (train) AUROC: 0.8374785885577254
Target (test) AUROC: 0.6177389024032574
glo_mia,logits,0.5,proteins,0.25,0.6816546762589928,0.662474337077101,0.9048989379924632,0.8350633288188269,0.7762326169405815

----------------ITERATION 2/5 (dataset=PROTEINS, defense=True, sigma=0.5)----------------
Run #1
Applying logits noise defense
Target model (train): acc: 0.9185, F1: 0.8988, AUROC: 0.9641
Target model (test): acc: 0.6475, F1: 0.5950, AUROC: 0.6751
Shadow model (train): acc: 0.9616, F1: 0.9543, AUROC: 0.9899
Shadow model (test): acc: 0.7286, F1: 0.6667, AUROC: 0.7350
Shadow (train) AUROC: 0.7834189791024323
Target (test) AUROC: 0.6575919120818453
Run #2
Applying logits noise defense
Target model (train): acc: 0.9281, F1: 0.9118, AUROC: 0.9707
Target model (test): acc: 0.6763, F1: 0.6218, AUROC: 0.6982
Shadow model (train): acc: 0.9520, F1: 0.9425, AUROC: 0.9851
Shadow model (test): acc: 0.6714, F1: 0.6034, AUROC: 0.7200
Shadow (train) AUROC: 0.7883521754025352
Target (test) AUROC: 0.6909062677915222
Run #3
Applying logits noise defense
Target model (train): acc: 0.8993, F1: 0.8757, AUROC: 0.9632
Target model (test): acc: 0.6547, F1: 0.6000, AUROC: 0.6891
Shadow model (train): acc: 0.9568, F1: 0.9471, AUROC: 0.9869
Shadow model (test): acc: 0.7071, F1: 0.5941, AUROC: 0.7371
Shadow (train) AUROC: 0.8413497773210004
Target (test) AUROC: 0.5605817504269965
Run #4
Applying logits noise defense
Target model (train): acc: 0.8945, F1: 0.8713, AUROC: 0.9614
Target model (test): acc: 0.6331, F1: 0.6047, AUROC: 0.6514
Shadow model (train): acc: 0.9616, F1: 0.9532, AUROC: 0.9909
Shadow model (test): acc: 0.7500, F1: 0.6903, AUROC: 0.7904
Shadow (train) AUROC: 0.7530489893799247
Target (test) AUROC: 0.6531925538705726
Run #5
Applying logits noise defense
Target model (train): acc: 0.8897, F1: 0.8614, AUROC: 0.9574
Target model (test): acc: 0.6403, F1: 0.5455, AUROC: 0.6581
Shadow model (train): acc: 0.9400, F1: 0.9258, AUROC: 0.9865
Shadow model (test): acc: 0.7143, F1: 0.6491, AUROC: 0.7711
Shadow (train) AUROC: 0.815947242206235
Target (test) AUROC: 0.6034970584683332
Run #6
Applying logits noise defense
Target model (train): acc: 0.9353, F1: 0.9194, AUROC: 0.9833
Target model (test): acc: 0.6043, F1: 0.5378, AUROC: 0.6535
Shadow model (train): acc: 0.9712, F1: 0.9655, AUROC: 0.9934
Shadow model (test): acc: 0.7357, F1: 0.6726, AUROC: 0.7602
Shadow (train) AUROC: 0.7481329222336417
Target (test) AUROC: 0.6737228921898453
Run #7
Applying logits noise defense
Target model (train): acc: 0.9089, F1: 0.8790, AUROC: 0.9787
Target model (test): acc: 0.5899, F1: 0.4865, AUROC: 0.6527
Shadow model (train): acc: 0.9496, F1: 0.9405, AUROC: 0.9864
Shadow model (test): acc: 0.7500, F1: 0.6847, AUROC: 0.7390
Shadow (train) AUROC: 0.7755909558067833
Target (test) AUROC: 0.7110743060228076
glo_mia,logits,0.5,proteins,0.25,0.7877697841726619,0.7661439193968566,0.881997259335389,0.8999986203602051,0.8585131894484412

----------------ITERATION 3/5 (dataset=PROTEINS, defense=True, sigma=0.5)----------------
Run #1
Applying logits noise defense
Target model (train): acc: 0.9424, F1: 0.9268, AUROC: 0.9795
Target model (test): acc: 0.6475, F1: 0.5586, AUROC: 0.6692
Shadow model (train): acc: 0.8849, F1: 0.8636, AUROC: 0.9575
Shadow model (test): acc: 0.6786, F1: 0.6087, AUROC: 0.7086
Shadow (train) AUROC: 0.918790681740322
Target (test) AUROC: 0.6664941428152442
Run #2
Applying logits noise defense
Target model (train): acc: 0.9640, F1: 0.9552, AUROC: 0.9915
Target model (test): acc: 0.6475, F1: 0.5505, AUROC: 0.6592
Shadow model (train): acc: 0.9017, F1: 0.8783, AUROC: 0.9699
Shadow model (test): acc: 0.6786, F1: 0.5714, AUROC: 0.6327
Shadow (train) AUROC: 0.8990407673860911
Target (test) AUROC: 0.7155081690043649
Run #3
Applying logits noise defense
Target model (train): acc: 0.9640, F1: 0.9555, AUROC: 0.9895
Target model (test): acc: 0.6115, F1: 0.5179, AUROC: 0.6192
Shadow model (train): acc: 0.8777, F1: 0.8587, AUROC: 0.9332
Shadow model (test): acc: 0.6571, F1: 0.6190, AUROC: 0.6836
Shadow (train) AUROC: 0.7845666324083591
Target (test) AUROC: 0.6469989476045064
Run #4
Applying logits noise defense
Target model (train): acc: 0.8681, F1: 0.8397, AUROC: 0.9401
Target model (test): acc: 0.6547, F1: 0.5789, AUROC: 0.6934
Shadow model (train): acc: 0.9281, F1: 0.9143, AUROC: 0.9782
Shadow model (test): acc: 0.6786, F1: 0.6341, AUROC: 0.7351
Shadow (train) AUROC: 0.8072199383350463
Target (test) AUROC: 0.5868743853837792
Run #5
Applying logits noise defense
Target model (train): acc: 0.9448, F1: 0.9322, AUROC: 0.9821
Target model (test): acc: 0.6763, F1: 0.6154, AUROC: 0.6724
Shadow model (train): acc: 0.9137, F1: 0.8929, AUROC: 0.9723
Shadow model (test): acc: 0.6714, F1: 0.5577, AUROC: 0.7151
Shadow (train) AUROC: 0.8622987324426173
Target (test) AUROC: 0.5972775736245537
Run #6
Applying logits noise defense
Target model (train): acc: 0.9329, F1: 0.9172, AUROC: 0.9839
Target model (test): acc: 0.6619, F1: 0.5913, AUROC: 0.6953
Shadow model (train): acc: 0.8633, F1: 0.8319, AUROC: 0.9495
Shadow model (test): acc: 0.6714, F1: 0.6034, AUROC: 0.7178
Shadow (train) AUROC: 0.8982185680027406
Target (test) AUROC: 0.6552455877025
Run #7
Applying logits noise defense
Target model (train): acc: 0.9688, F1: 0.9619, AUROC: 0.9861
Target model (test): acc: 0.6835, F1: 0.5926, AUROC: 0.7336
Shadow model (train): acc: 0.8897, F1: 0.8729, AUROC: 0.9565
Shadow model (test): acc: 0.7071, F1: 0.6435, AUROC: 0.7300
Shadow (train) AUROC: 0.7767043508050702
Target (test) AUROC: 0.6263047116263825
glo_mia,logits,0.5,proteins,0.25,0.7571942446043165,0.7790141987129721,0.958958547447756,0.8996007081605841,0.8351648351648352

----------------ITERATION 4/5 (dataset=PROTEINS, defense=True, sigma=0.5)----------------
Run #1
Applying logits noise defense
Target model (train): acc: 0.8681, F1: 0.8459, AUROC: 0.9243
Target model (test): acc: 0.6691, F1: 0.5490, AUROC: 0.6396
Shadow model (train): acc: 0.9185, F1: 0.8963, AUROC: 0.9701
Shadow model (test): acc: 0.7643, F1: 0.7402, AUROC: 0.7891
Shadow (train) AUROC: 0.8421891058581705
Target (test) AUROC: 0.6318341010644721
Run #2
Applying logits noise defense
Target model (train): acc: 0.9041, F1: 0.8857, AUROC: 0.9698
Target model (test): acc: 0.6835, F1: 0.5686, AUROC: 0.6813
Shadow model (train): acc: 0.9616, F1: 0.9500, AUROC: 0.9898
Shadow model (test): acc: 0.7143, F1: 0.6552, AUROC: 0.7392
Shadow (train) AUROC: 0.8473449811579308
Target (test) AUROC: 0.6662871141935371
Run #3
Applying logits noise defense
Target model (train): acc: 0.9472, F1: 0.9382, AUROC: 0.9794
Target model (test): acc: 0.6619, F1: 0.5253, AUROC: 0.6604
Shadow model (train): acc: 0.9520, F1: 0.9390, AUROC: 0.9878
Shadow model (test): acc: 0.7286, F1: 0.6607, AUROC: 0.7907
Shadow (train) AUROC: 0.8563206577595067
Target (test) AUROC: 0.6114935389817642
Run #4
Applying logits noise defense
Target model (train): acc: 0.9041, F1: 0.8837, AUROC: 0.9780
Target model (test): acc: 0.6763, F1: 0.5794, AUROC: 0.6831
Shadow model (train): acc: 0.9185, F1: 0.9012, AUROC: 0.9822
Shadow model (test): acc: 0.7357, F1: 0.7218, AUROC: 0.7359
Shadow (train) AUROC: 0.8352175402535115
Target (test) AUROC: 0.6203526387523075
Run #5
Applying logits noise defense
Target model (train): acc: 0.8777, F1: 0.8547, AUROC: 0.9588
Target model (test): acc: 0.6403, F1: 0.5283, AUROC: 0.6625
Shadow model (train): acc: 0.9233, F1: 0.9000, AUROC: 0.9754
Shadow model (test): acc: 0.7571, F1: 0.7119, AUROC: 0.7860
Shadow (train) AUROC: 0.8748458376156218
Target (test) AUROC: 0.6510618843055053
Run #6
Applying logits noise defense
Target model (train): acc: 0.8993, F1: 0.8750, AUROC: 0.9671
Target model (test): acc: 0.6547, F1: 0.5294, AUROC: 0.6903
Shadow model (train): acc: 0.9496, F1: 0.9366, AUROC: 0.9882
Shadow model (test): acc: 0.7857, F1: 0.7581, AUROC: 0.7974
Shadow (train) AUROC: 0.8417951353203152
Target (test) AUROC: 0.6514155582009213
Run #7
Applying logits noise defense
Target model (train): acc: 0.8993, F1: 0.8820, AUROC: 0.9637
Target model (test): acc: 0.6619, F1: 0.5688, AUROC: 0.6739
Shadow model (train): acc: 0.9400, F1: 0.9226, AUROC: 0.9853
Shadow model (test): acc: 0.7000, F1: 0.6250, AUROC: 0.7775
Shadow (train) AUROC: 0.7934737923946557
Target (test) AUROC: 0.6123561582388767
glo_mia,logits,0.5,proteins,0.25,0.7338129496402878,0.7084864482514707,0.9536142514559781,0.876747951280804,0.8199513381995134

----------------ITERATION 5/5 (dataset=PROTEINS, defense=True, sigma=0.5)----------------
Run #1
Applying logits noise defense
Target model (train): acc: 0.8705, F1: 0.8402, AUROC: 0.9470
Target model (test): acc: 0.7338, F1: 0.6783, AUROC: 0.7551
Shadow model (train): acc: 0.9592, F1: 0.9524, AUROC: 0.9784
Shadow model (test): acc: 0.7000, F1: 0.6316, AUROC: 0.7263
Shadow (train) AUROC: 0.8182082905104486
Target (test) AUROC: 0.565377913496541
Run #2
Applying logits noise defense
Target model (train): acc: 0.8825, F1: 0.8571, AUROC: 0.9382
Target model (test): acc: 0.7050, F1: 0.6372, AUROC: 0.7719
Shadow model (train): acc: 0.9784, F1: 0.9744, AUROC: 0.9967
Shadow model (test): acc: 0.7286, F1: 0.6885, AUROC: 0.7322
Shadow (train) AUROC: 0.8363480644056183
Target (test) AUROC: 0.5750996325241965
Run #3
Applying logits noise defense
Target model (train): acc: 0.9185, F1: 0.9012, AUROC: 0.9694
Target model (test): acc: 0.7626, F1: 0.7027, AUROC: 0.7612
Shadow model (train): acc: 0.9233, F1: 0.9086, AUROC: 0.9769
Shadow model (test): acc: 0.6857, F1: 0.6207, AUROC: 0.7273
Shadow (train) AUROC: 0.825608084960603
Target (test) AUROC: 0.5730811034625536
Run #4
Applying logits noise defense
Target model (train): acc: 0.8609, F1: 0.8263, AUROC: 0.9367
Target model (test): acc: 0.7050, F1: 0.6168, AUROC: 0.7573
Shadow model (train): acc: 0.9233, F1: 0.9086, AUROC: 0.9772
Shadow model (test): acc: 0.6857, F1: 0.6207, AUROC: 0.7554
Shadow (train) AUROC: 0.7973107228502911
Target (test) AUROC: 0.6368286665631524
Run #5
Applying logits noise defense
Target model (train): acc: 0.8705, F1: 0.8457, AUROC: 0.9388
Target model (test): acc: 0.6619, F1: 0.5983, AUROC: 0.7024
Shadow model (train): acc: 0.9520, F1: 0.9429, AUROC: 0.9845
Shadow model (test): acc: 0.7071, F1: 0.6612, AUROC: 0.7238
Shadow (train) AUROC: 0.8064234326824256
Target (test) AUROC: 0.5859255042009557
Run #6
Applying logits noise defense
Target model (train): acc: 0.9185, F1: 0.9029, AUROC: 0.9759
Target model (test): acc: 0.6906, F1: 0.6446, AUROC: 0.7087
Shadow model (train): acc: 0.9448, F1: 0.9322, AUROC: 0.9822
Shadow model (test): acc: 0.6571, F1: 0.5714, AUROC: 0.7031
Shadow (train) AUROC: 0.8148081534772182
Target (test) AUROC: 0.6368545451408657
Run #7
Applying logits noise defense
Target model (train): acc: 0.9161, F1: 0.8991, AUROC: 0.9731
Target model (test): acc: 0.6906, F1: 0.6261, AUROC: 0.7453
Shadow model (train): acc: 0.9592, F1: 0.9501, AUROC: 0.9893
Shadow model (test): acc: 0.6929, F1: 0.6387, AUROC: 0.7167
Shadow (train) AUROC: 0.7894313120931826
Target (test) AUROC: 0.5954229422217622
glo_mia,logits,0.5,proteins,0.25,0.7392086330935251,0.6673050049169298,0.9014731072285029,0.8214992848671313,0.8308051341890315

----------------ITERATION 1/5 (dataset=PROTEINS, defense=True, sigma=1.0)----------------
Run #1
Applying logits noise defense
Target model (train): acc: 0.8705, F1: 0.8383, AUROC: 0.9451
Target model (test): acc: 0.7266, F1: 0.6346, AUROC: 0.7258
Shadow model (train): acc: 0.8945, F1: 0.8706, AUROC: 0.9747
Shadow model (test): acc: 0.6857, F1: 0.5217, AUROC: 0.7395
Shadow (train) AUROC: 0.8556697499143542
Target (test) AUROC: 0.5864085709849387
Run #2
Applying logits noise defense
Target model (train): acc: 0.8537, F1: 0.8301, AUROC: 0.9354
Target model (test): acc: 0.6835, F1: 0.5849, AUROC: 0.7861
Shadow model (train): acc: 0.8753, F1: 0.8564, AUROC: 0.9499
Shadow model (test): acc: 0.6929, F1: 0.6195, AUROC: 0.7443
Shadow (train) AUROC: 0.866889345666324
Target (test) AUROC: 0.5627037937994929
Run #3
Applying logits noise defense
Target model (train): acc: 0.8753, F1: 0.8385, AUROC: 0.9422
Target model (test): acc: 0.6547, F1: 0.5472, AUROC: 0.6838
Shadow model (train): acc: 0.8945, F1: 0.8798, AUROC: 0.9552
Shadow model (test): acc: 0.6571, F1: 0.5789, AUROC: 0.7016
Shadow (train) AUROC: 0.8925488180883865
Target (test) AUROC: 0.6296085433811225
Run #4
Applying logits noise defense
Target model (train): acc: 0.8801, F1: 0.8512, AUROC: 0.9580
Target model (test): acc: 0.6619, F1: 0.4946, AUROC: 0.6953
Shadow model (train): acc: 0.9089, F1: 0.8920, AUROC: 0.9667
Shadow model (test): acc: 0.6857, F1: 0.5686, AUROC: 0.6678
Shadow (train) AUROC: 0.9361939020212402
Target (test) AUROC: 0.6741024446629746
Run #5
Applying logits noise defense
Target model (train): acc: 0.8825, F1: 0.8588, AUROC: 0.9463
Target model (test): acc: 0.6187, F1: 0.4854, AUROC: 0.6951
Shadow model (train): acc: 0.9017, F1: 0.8839, AUROC: 0.9647
Shadow model (test): acc: 0.7071, F1: 0.6095, AUROC: 0.7048
Shadow (train) AUROC: 0.8848578280232957
Target (test) AUROC: 0.6137881062056829
Run #6
Applying logits noise defense
Target model (train): acc: 0.8465, F1: 0.8037, AUROC: 0.9330
Target model (test): acc: 0.6835, F1: 0.5319, AUROC: 0.7411
Shadow model (train): acc: 0.8801, F1: 0.8634, AUROC: 0.9579
Shadow model (test): acc: 0.7000, F1: 0.5882, AUROC: 0.7473
Shadow (train) AUROC: 0.8633007879410757
Target (test) AUROC: 0.5702430861066542
Run #7
Applying logits noise defense
Target model (train): acc: 0.8849, F1: 0.8554, AUROC: 0.9544
Target model (test): acc: 0.6906, F1: 0.5743, AUROC: 0.6984
Shadow model (train): acc: 0.8273, F1: 0.7955, AUROC: 0.9128
Shadow model (test): acc: 0.6643, F1: 0.5607, AUROC: 0.7031
Shadow (train) AUROC: 0.8854916067146283
Target (test) AUROC: 0.5764366923727204
glo_mia,logits,1.0,proteins,0.25,0.7428057553956835,0.6870244811345169,0.983967112024666,0.8362802634790345,0.8331388564760793

----------------ITERATION 2/5 (dataset=PROTEINS, defense=True, sigma=1.0)----------------
Run #1
Applying logits noise defense
Target model (train): acc: 0.9185, F1: 0.8988, AUROC: 0.9704
Target model (test): acc: 0.6691, F1: 0.5106, AUROC: 0.6749
Shadow model (train): acc: 0.9209, F1: 0.9106, AUROC: 0.9724
Shadow model (test): acc: 0.6429, F1: 0.5536, AUROC: 0.7178
Shadow (train) AUROC: 0.8383864337101748
Target (test) AUROC: 0.6833152183289339
Run #2
Applying logits noise defense
Target model (train): acc: 0.8849, F1: 0.8636, AUROC: 0.9576
Target model (test): acc: 0.6547, F1: 0.5714, AUROC: 0.7218
Shadow model (train): acc: 0.8225, F1: 0.8083, AUROC: 0.9059
Shadow model (test): acc: 0.7286, F1: 0.6545, AUROC: 0.7566
Shadow (train) AUROC: 0.9360911270983213
Target (test) AUROC: 0.5153201180063144
Run #3
Applying logits noise defense
Target model (train): acc: 0.8585, F1: 0.8196, AUROC: 0.9433
Target model (test): acc: 0.7410, F1: 0.6471, AUROC: 0.7775
Shadow model (train): acc: 0.8897, F1: 0.8708, AUROC: 0.9572
Shadow model (test): acc: 0.7357, F1: 0.6408, AUROC: 0.7775
Shadow (train) AUROC: 0.9214285714285715
Target (test) AUROC: 0.5708124148163484
Run #4
Applying logits noise defense
Target model (train): acc: 0.9065, F1: 0.8836, AUROC: 0.9604
Target model (test): acc: 0.6331, F1: 0.5143, AUROC: 0.6652
Shadow model (train): acc: 0.8777, F1: 0.8587, AUROC: 0.9564
Shadow model (test): acc: 0.7071, F1: 0.6239, AUROC: 0.7072
Shadow (train) AUROC: 0.8673175745118191
Target (test) AUROC: 0.6416852129806946
Run #5
Applying logits noise defense
Target model (train): acc: 0.9017, F1: 0.8812, AUROC: 0.9703
Target model (test): acc: 0.6906, F1: 0.6055, AUROC: 0.7095
Shadow model (train): acc: 0.9113, F1: 0.9008, AUROC: 0.9703
Shadow model (test): acc: 0.6500, F1: 0.5664, AUROC: 0.6931
Shadow (train) AUROC: 0.9178228845495033
Target (test) AUROC: 0.6436174801166261
Run #6
Applying logits noise defense
Target model (train): acc: 0.9089, F1: 0.8820, AUROC: 0.9643
Target model (test): acc: 0.6978, F1: 0.5882, AUROC: 0.7448
Shadow model (train): acc: 0.8393, F1: 0.8154, AUROC: 0.9211
Shadow model (test): acc: 0.6857, F1: 0.5417, AUROC: 0.7574
Shadow (train) AUROC: 0.8331449126413156
Target (test) AUROC: 0.6443679588703138
Run #7
Applying logits noise defense
Target model (train): acc: 0.8657, F1: 0.8372, AUROC: 0.9267
Target model (test): acc: 0.6475, F1: 0.5664, AUROC: 0.6814
Shadow model (train): acc: 0.8993, F1: 0.8840, AUROC: 0.9534
Shadow model (test): acc: 0.6786, F1: 0.5545, AUROC: 0.7295
Shadow (train) AUROC: 0.8744261733470367
Target (test) AUROC: 0.6295309076479824
glo_mia,logits,1.0,proteins,0.25,0.7535971223021583,0.6920621775960527,0.9635662898252826,0.8373194504771899,0.839766081871345

----------------ITERATION 3/5 (dataset=PROTEINS, defense=True, sigma=1.0)----------------
Run #1
Applying logits noise defense
Target model (train): acc: 0.8993, F1: 0.8750, AUROC: 0.9654
Target model (test): acc: 0.7050, F1: 0.5941, AUROC: 0.7368
Shadow model (train): acc: 0.9017, F1: 0.8832, AUROC: 0.9677
Shadow model (test): acc: 0.6214, F1: 0.5470, AUROC: 0.6810
Shadow (train) AUROC: 0.8871188763275095
Target (test) AUROC: 0.6425823370080914
Run #2
Applying logits noise defense
Target model (train): acc: 0.9305, F1: 0.9155, AUROC: 0.9746
Target model (test): acc: 0.6619, F1: 0.5688, AUROC: 0.7050
Shadow model (train): acc: 0.9329, F1: 0.9191, AUROC: 0.9833
Shadow model (test): acc: 0.6214, F1: 0.5310, AUROC: 0.6424
Shadow (train) AUROC: 0.8691932168550873
Target (test) AUROC: 0.677000845366872
Run #3
Applying logits noise defense
Target model (train): acc: 0.9305, F1: 0.9124, AUROC: 0.9788
Target model (test): acc: 0.7050, F1: 0.6019, AUROC: 0.7492
Shadow model (train): acc: 0.8537, F1: 0.8272, AUROC: 0.9271
Shadow model (test): acc: 0.6571, F1: 0.5472, AUROC: 0.6969
Shadow (train) AUROC: 0.927766358341898
Target (test) AUROC: 0.58895329779342
Run #4
Applying logits noise defense
Target model (train): acc: 0.8897, F1: 0.8655, AUROC: 0.9581
Target model (test): acc: 0.6763, F1: 0.5794, AUROC: 0.7434
Shadow model (train): acc: 0.8465, F1: 0.8251, AUROC: 0.9403
Shadow model (test): acc: 0.6929, F1: 0.6387, AUROC: 0.6679
Shadow (train) AUROC: 0.9369304556354916
Target (test) AUROC: 0.5632558701240447
Run #5
Applying logits noise defense
Target model (train): acc: 0.9496, F1: 0.9369, AUROC: 0.9877
Target model (test): acc: 0.6763, F1: 0.5361, AUROC: 0.7344
Shadow model (train): acc: 0.8561, F1: 0.8286, AUROC: 0.9272
Shadow model (test): acc: 0.6357, F1: 0.5641, AUROC: 0.6580
Shadow (train) AUROC: 0.8965056526207607
Target (test) AUROC: 0.639390645756776
Run #6
Applying logits noise defense
Target model (train): acc: 0.9281, F1: 0.9112, AUROC: 0.9807
Target model (test): acc: 0.6475, F1: 0.5586, AUROC: 0.6917
Shadow model (train): acc: 0.9257, F1: 0.9086, AUROC: 0.9817
Shadow model (test): acc: 0.6929, F1: 0.5657, AUROC: 0.7111
Shadow (train) AUROC: 0.863874614594039
Target (test) AUROC: 0.6407708365681556
Run #7
Applying logits noise defense
Target model (train): acc: 0.8273, F1: 0.7978, AUROC: 0.8907
Target model (test): acc: 0.6403, F1: 0.5833, AUROC: 0.7196
Shadow model (train): acc: 0.8825, F1: 0.8643, AUROC: 0.9508
Shadow model (test): acc: 0.6714, F1: 0.5965, AUROC: 0.7045
Shadow (train) AUROC: 0.8719767043508051
Target (test) AUROC: 0.5037265151907251
glo_mia,logits,1.0,proteins,0.25,0.6726618705035972,0.6304021530976658,0.9725419664268585,0.8053144484095218,0.7764127764127764

----------------ITERATION 4/5 (dataset=PROTEINS, defense=True, sigma=1.0)----------------
Run #1
Applying logits noise defense
Target model (train): acc: 0.8753, F1: 0.8462, AUROC: 0.9454
Target model (test): acc: 0.6043, F1: 0.4860, AUROC: 0.6251
Shadow model (train): acc: 0.8801, F1: 0.8529, AUROC: 0.9574
Shadow model (test): acc: 0.6786, F1: 0.5631, AUROC: 0.7618
Shadow (train) AUROC: 0.8653134635149025
Target (test) AUROC: 0.557105394820834
Run #2
Applying logits noise defense
Target model (train): acc: 0.7842, F1: 0.7514, AUROC: 0.8578
Target model (test): acc: 0.6547, F1: 0.6000, AUROC: 0.6989
Shadow model (train): acc: 0.9113, F1: 0.8915, AUROC: 0.9645
Shadow model (test): acc: 0.6786, F1: 0.5545, AUROC: 0.7067
Shadow (train) AUROC: 0.846719767043508
Target (test) AUROC: 0.5028121387781861
Run #3
Applying logits noise defense
Target model (train): acc: 0.9113, F1: 0.8909, AUROC: 0.9744
Target model (test): acc: 0.6331, F1: 0.4848, AUROC: 0.6941
Shadow model (train): acc: 0.8633, F1: 0.8246, AUROC: 0.9469
Shadow model (test): acc: 0.6500, F1: 0.5421, AUROC: 0.7140
Shadow (train) AUROC: 0.8217968482356971
Target (test) AUROC: 0.6236737228921899
Run #4
Applying logits noise defense
Target model (train): acc: 0.8873, F1: 0.8605, AUROC: 0.9499
Target model (test): acc: 0.6691, F1: 0.5818, AUROC: 0.7610
Shadow model (train): acc: 0.8873, F1: 0.8630, AUROC: 0.9554
Shadow model (test): acc: 0.6000, F1: 0.4510, AUROC: 0.6549
Shadow (train) AUROC: 0.9070058239122987
Target (test) AUROC: 0.6234321895001984
Run #5
Applying logits noise defense
Target model (train): acc: 0.8058, F1: 0.7596, AUROC: 0.9009
Target model (test): acc: 0.6547, F1: 0.5714, AUROC: 0.7008
Shadow model (train): acc: 0.8873, F1: 0.8563, AUROC: 0.9567
Shadow model (test): acc: 0.7143, F1: 0.5918, AUROC: 0.7697
Shadow (train) AUROC: 0.8376070572113737
Target (test) AUROC: 0.5828718320307783
Run #6
Applying logits noise defense
Target model (train): acc: 0.9065, F1: 0.8883, AUROC: 0.9720
Target model (test): acc: 0.6906, F1: 0.6055, AUROC: 0.7333
Shadow model (train): acc: 0.8969, F1: 0.8782, AUROC: 0.9511
Shadow model (test): acc: 0.7286, F1: 0.6275, AUROC: 0.7851
Shadow (train) AUROC: 0.8642428914011648
Target (test) AUROC: 0.6538653968911202
Run #7
Applying logits noise defense
Target model (train): acc: 0.8489, F1: 0.8085, AUROC: 0.9319
Target model (test): acc: 0.6475, F1: 0.5243, AUROC: 0.6922
Shadow model (train): acc: 0.9017, F1: 0.8754, AUROC: 0.9688
Shadow model (test): acc: 0.6143, F1: 0.4490, AUROC: 0.6707
Shadow (train) AUROC: 0.9074597464885235
Target (test) AUROC: 0.6452133257422838
glo_mia,logits,1.0,proteins,0.25,0.7212230215827338,0.6574711453858497,0.9708804385063379,0.8168789187281339,0.8134777376654633

----------------ITERATION 5/5 (dataset=PROTEINS, defense=True, sigma=1.0)----------------
Run #1
Applying logits noise defense
Target model (train): acc: 0.8633, F1: 0.8338, AUROC: 0.9438
Target model (test): acc: 0.6547, F1: 0.5714, AUROC: 0.6958
Shadow model (train): acc: 0.9041, F1: 0.8844, AUROC: 0.9594
Shadow model (test): acc: 0.6429, F1: 0.5902, AUROC: 0.7228
Shadow (train) AUROC: 0.9356800274066461
Target (test) AUROC: 0.5918258199196038
Run #2
Applying logits noise defense
Target model (train): acc: 0.9353, F1: 0.9179, AUROC: 0.9881
Target model (test): acc: 0.6691, F1: 0.5490, AUROC: 0.6941
Shadow model (train): acc: 0.9089, F1: 0.8902, AUROC: 0.9672
Shadow model (test): acc: 0.7000, F1: 0.6250, AUROC: 0.7467
Shadow (train) AUROC: 0.8459917780061667
Target (test) AUROC: 0.6622931870331075
Run #3
